<?xml version="1.0" encoding="UTF-8"?>
<!-- Generated by org.testng.reporters.JUnitReportReporter -->
<testsuite hostname="MT-31195791H" failures="1" tests="13" name="com.bdd.testrunner.TestRun" time="238.167" errors="0" timestamp="2021-11-21T22:45:33 IST" skipped="0">
  <testcase classname="com.bdd.testrunner.TestRun" name="runScenario" time="16.357"/>
  <system-out/>
  <testcase classname="com.bdd.testrunner.TestRun" name="runScenario" time="18.724"/>
  <system-out/>
  <testcase classname="com.bdd.testrunner.TestRun" name="runScenario" time="23.571"/>
  <system-out/>
  <testcase classname="com.bdd.testrunner.TestRun" name="runScenario" time="14.516"/>
  <system-out/>
  <testcase classname="com.bdd.testrunner.TestRun" name="runScenario" time="11.637"/>
  <system-out/>
  <testcase classname="com.bdd.testrunner.TestRun" name="runScenario" time="16.570"/>
  <system-out/>
  <testcase classname="com.bdd.testrunner.TestRun" name="runScenario" time="16.526"/>
  <system-out/>
  <testcase classname="com.bdd.testrunner.TestRun" name="runScenario" time="18.447"/>
  <system-out/>
  <testcase classname="com.bdd.testrunner.TestRun" name="runScenario" time="12.782"/>
  <system-out/>
  <testcase classname="com.bdd.testrunner.TestRun" name="runScenario" time="13.706"/>
  <system-out/>
  <testcase classname="com.bdd.testrunner.TestRun" name="runScenario" time="18.799"/>
  <system-out/>
  <testcase classname="com.bdd.testrunner.TestRun" name="runScenario" time="19.854"/>
  <system-out/>
  <testcase classname="com.bdd.testrunner.TestRun" name="runScenario" time="36.678">
    <failure message="expected [2] but found [1]" type="java.lang.AssertionError">
      <![CDATA[java.lang.AssertionError: expected [2] but found [1]
at org.testng.Assert.fail(Assert.java:99)
at org.testng.Assert.failNotEquals(Assert.java:1037)
at org.testng.Assert.assertEqualsImpl(Assert.java:140)
at org.testng.Assert.assertEquals(Assert.java:122)
at org.testng.Assert.assertEquals(Assert.java:907)
at org.testng.Assert.assertEquals(Assert.java:917)
at com.bdd.stepdefinition.WishListSteps.validate_the_number_of_product_in_wishlist(WishListSteps.java:42)
at ✽.Validate the number of product in wishlist(file:///C:/Users/M1073102/Documents/Eclipse/BDDbigsmall/Features/WishList_TC.feature:8)
]]>
    </failure>
  </testcase> <!-- runScenario -->
  <system-out/>
</testsuite> <!-- com.bdd.testrunner.TestRun -->
